{"uuid": "e9e3f54c-69b6-4fbe-887e-150714952e46", "children": ["98652277-8d18-44b7-ba7c-a6b7f7bec8c0"], "befores": [{"name": "Формирование заказа", "status": "broken", "statusDetails": {"message": "selenium.common.exceptions.ElementClickInterceptedException: Message: element click intercepted: Element <button type=\"button\" class=\"Modal_modal__close_modified__3V5XS Modal_modal__close__TnseK\">...</button> is not clickable at point (906, 130). Other element would receive the click: <div class=\"Modal_modal_overlay__x2ZCr\"></div>\n  (Session info: chrome=132.0.6834.83)\nStacktrace:\n0   chromedriver                        0x0000000100a4f7a4 cxxbridge1$str$ptr + 2589716\n1   chromedriver                        0x0000000100a4805c cxxbridge1$str$ptr + 2559180\n2   chromedriver                        0x00000001005ebf5c cxxbridge1$string$len + 88260\n3   chromedriver                        0x0000000100636954 cxxbridge1$string$len + 393916\n4   chromedriver                        0x0000000100634f30 cxxbridge1$string$len + 387224\n5   chromedriver                        0x0000000100632e0c cxxbridge1$string$len + 378740\n6   chromedriver                        0x000000010063227c cxxbridge1$string$len + 375780\n7   chromedriver                        0x0000000100626e10 cxxbridge1$string$len + 329592\n8   chromedriver                        0x00000001006268b4 cxxbridge1$string$len + 328220\n9   chromedriver                        0x000000010066b1a8 cxxbridge1$string$len + 609040\n10  chromedriver                        0x0000000100624e40 cxxbridge1$string$len + 321448\n11  chromedriver                        0x0000000100625a88 cxxbridge1$string$len + 324592\n12  chromedriver                        0x0000000100a1a8a0 cxxbridge1$str$ptr + 2372880\n13  chromedriver                        0x0000000100a1dbc4 cxxbridge1$str$ptr + 2385972\n14  chromedriver                        0x0000000100a016e0 cxxbridge1$str$ptr + 2270032\n15  chromedriver                        0x0000000100a1e484 cxxbridge1$str$ptr + 2388212\n16  chromedriver                        0x00000001009f3324 cxxbridge1$str$ptr + 2211732\n17  chromedriver                        0x0000000100a390a0 cxxbridge1$str$ptr + 2497808\n18  chromedriver                        0x0000000100a3921c cxxbridge1$str$ptr + 2498188\n19  chromedriver                        0x0000000100a47cd0 cxxbridge1$str$ptr + 2558272\n20  libsystem_pthread.dylib             0x0000000192865f94 _pthread_start + 136\n21  libsystem_pthread.dylib             0x0000000192860d34 thread_start + 8\n\n", "trace": "  File \"/Library/Frameworks/Python.framework/Versions/3.13/lib/python3.13/site-packages/pluggy/_callers.py\", line 167, in _multicall\n    teardown.throw(outcome._exception)\n    ~~~~~~~~~~~~~~^^^^^^^^^^^^^^^^^^^^\n  File \"/Library/Frameworks/Python.framework/Versions/3.13/lib/python3.13/site-packages/_pytest/setuponly.py\", line 36, in pytest_fixture_setup\n    return (yield)\n            ^^^^^\n  File \"/Library/Frameworks/Python.framework/Versions/3.13/lib/python3.13/site-packages/pluggy/_callers.py\", line 103, in _multicall\n    res = hook_impl.function(*args)\n  File \"/Library/Frameworks/Python.framework/Versions/3.13/lib/python3.13/site-packages/_pytest/fixtures.py\", line 1140, in pytest_fixture_setup\n    result = call_fixture_func(fixturefunc, request, kwargs)\n  File \"/Library/Frameworks/Python.framework/Versions/3.13/lib/python3.13/site-packages/_pytest/fixtures.py\", line 898, in call_fixture_func\n    fixture_result = fixturefunc(**kwargs)\n  File \"/Users/buzovao/Desktop/Diplom/Diplom_3/conftest.py\", line 57, in create_order\n    main_page.click_cross_button_in_popup_window()\n    ~~~~~~~~~~~~~~~~~~~~~~~~~~~~~~~~~~~~~~~~~~~~^^\n  File \"/Library/Frameworks/Python.framework/Versions/3.13/lib/python3.13/site-packages/allure_commons/_allure.py\", line 192, in impl\n    return func(*a, **kw)\n  File \"/Users/buzovao/Desktop/Diplom/Diplom_3/pages/main_page.py\", line 25, in click_cross_button_in_popup_window\n    self.click_element(MainPageLocators.CLOSE_POPUP_WINDOW_BUTTON)\n    ~~~~~~~~~~~~~~~~~~^^^^^^^^^^^^^^^^^^^^^^^^^^^^^^^^^^^^^^^^^^^^\n  File \"/Users/buzovao/Desktop/Diplom/Diplom_3/pages/base_page.py\", line 24, in click_element\n    WebDriverWait(self.driver, timeout).until(expected_conditions.element_to_be_clickable(locator)).click()\n    ~~~~~~~~~~~~~~~~~~~~~~~~~~~~~~~~~~~~~~~~~~~~~~~~~~~~~~~~~~~~~~~~~~~~~~~~~~~~~~~~~~~~~~~~~~~~~~~~~~~~~^^\n  File \"/Library/Frameworks/Python.framework/Versions/3.13/lib/python3.13/site-packages/selenium/webdriver/remote/webelement.py\", line 94, in click\n    self._execute(Command.CLICK_ELEMENT)\n    ~~~~~~~~~~~~~^^^^^^^^^^^^^^^^^^^^^^^\n  File \"/Library/Frameworks/Python.framework/Versions/3.13/lib/python3.13/site-packages/selenium/webdriver/remote/webelement.py\", line 395, in _execute\n    return self._parent.execute(command, params)\n           ~~~~~~~~~~~~~~~~~~~~^^^^^^^^^^^^^^^^^\n  File \"/Library/Frameworks/Python.framework/Versions/3.13/lib/python3.13/site-packages/selenium/webdriver/remote/webdriver.py\", line 384, in execute\n    self.error_handler.check_response(response)\n    ~~~~~~~~~~~~~~~~~~~~~~~~~~~~~~~~~^^^^^^^^^^\n  File \"/Library/Frameworks/Python.framework/Versions/3.13/lib/python3.13/site-packages/selenium/webdriver/remote/errorhandler.py\", line 232, in check_response\n    raise exception_class(message, screen, stacktrace)\n"}, "steps": [{"name": "Добавляем ингредиент в заказ", "status": "passed", "parameters": [{"name": "index", "value": "1"}], "start": 1737137291460, "stop": 1737137292054}, {"name": "Добавляем ингредиент в заказ", "status": "passed", "parameters": [{"name": "index", "value": "4"}], "start": 1737137292054, "stop": 1737137292113}, {"name": "Кликаем на кнопку оформления заказа", "status": "passed", "start": 1737137292113, "stop": 1737137292154}, {"name": "Закрываем всплывающее окно", "status": "broken", "statusDetails": {"message": "selenium.common.exceptions.ElementClickInterceptedException: Message: element click intercepted: Element <button type=\"button\" class=\"Modal_modal__close_modified__3V5XS Modal_modal__close__TnseK\">...</button> is not clickable at point (906, 130). Other element would receive the click: <div class=\"Modal_modal_overlay__x2ZCr\"></div>\n  (Session info: chrome=132.0.6834.83)\nStacktrace:\n0   chromedriver                        0x0000000100a4f7a4 cxxbridge1$str$ptr + 2589716\n1   chromedriver                        0x0000000100a4805c cxxbridge1$str$ptr + 2559180\n2   chromedriver                        0x00000001005ebf5c cxxbridge1$string$len + 88260\n3   chromedriver                        0x0000000100636954 cxxbridge1$string$len + 393916\n4   chromedriver                        0x0000000100634f30 cxxbridge1$string$len + 387224\n5   chromedriver                        0x0000000100632e0c cxxbridge1$string$len + 378740\n6   chromedriver                        0x000000010063227c cxxbridge1$string$len + 375780\n7   chromedriver                        0x0000000100626e10 cxxbridge1$string$len + 329592\n8   chromedriver                        0x00000001006268b4 cxxbridge1$string$len + 328220\n9   chromedriver                        0x000000010066b1a8 cxxbridge1$string$len + 609040\n10  chromedriver                        0x0000000100624e40 cxxbridge1$string$len + 321448\n11  chromedriver                        0x0000000100625a88 cxxbridge1$string$len + 324592\n12  chromedriver                        0x0000000100a1a8a0 cxxbridge1$str$ptr + 2372880\n13  chromedriver                        0x0000000100a1dbc4 cxxbridge1$str$ptr + 2385972\n14  chromedriver                        0x0000000100a016e0 cxxbridge1$str$ptr + 2270032\n15  chromedriver                        0x0000000100a1e484 cxxbridge1$str$ptr + 2388212\n16  chromedriver                        0x00000001009f3324 cxxbridge1$str$ptr + 2211732\n17  chromedriver                        0x0000000100a390a0 cxxbridge1$str$ptr + 2497808\n18  chromedriver                        0x0000000100a3921c cxxbridge1$str$ptr + 2498188\n19  chromedriver                        0x0000000100a47cd0 cxxbridge1$str$ptr + 2558272\n20  libsystem_pthread.dylib             0x0000000192865f94 _pthread_start + 136\n21  libsystem_pthread.dylib             0x0000000192860d34 thread_start + 8\n\n", "trace": "  File \"/Library/Frameworks/Python.framework/Versions/3.13/lib/python3.13/site-packages/allure_commons/_allure.py\", line 192, in impl\n    return func(*a, **kw)\n  File \"/Users/buzovao/Desktop/Diplom/Diplom_3/pages/main_page.py\", line 25, in click_cross_button_in_popup_window\n    self.click_element(MainPageLocators.CLOSE_POPUP_WINDOW_BUTTON)\n    ~~~~~~~~~~~~~~~~~~^^^^^^^^^^^^^^^^^^^^^^^^^^^^^^^^^^^^^^^^^^^^\n  File \"/Users/buzovao/Desktop/Diplom/Diplom_3/pages/base_page.py\", line 24, in click_element\n    WebDriverWait(self.driver, timeout).until(expected_conditions.element_to_be_clickable(locator)).click()\n    ~~~~~~~~~~~~~~~~~~~~~~~~~~~~~~~~~~~~~~~~~~~~~~~~~~~~~~~~~~~~~~~~~~~~~~~~~~~~~~~~~~~~~~~~~~~~~~~~~~~~~^^\n  File \"/Library/Frameworks/Python.framework/Versions/3.13/lib/python3.13/site-packages/selenium/webdriver/remote/webelement.py\", line 94, in click\n    self._execute(Command.CLICK_ELEMENT)\n    ~~~~~~~~~~~~~^^^^^^^^^^^^^^^^^^^^^^^\n  File \"/Library/Frameworks/Python.framework/Versions/3.13/lib/python3.13/site-packages/selenium/webdriver/remote/webelement.py\", line 395, in _execute\n    return self._parent.execute(command, params)\n           ~~~~~~~~~~~~~~~~~~~~^^^^^^^^^^^^^^^^^\n  File \"/Library/Frameworks/Python.framework/Versions/3.13/lib/python3.13/site-packages/selenium/webdriver/remote/webdriver.py\", line 384, in execute\n    self.error_handler.check_response(response)\n    ~~~~~~~~~~~~~~~~~~~~~~~~~~~~~~~~~^^^^^^^^^^\n  File \"/Library/Frameworks/Python.framework/Versions/3.13/lib/python3.13/site-packages/selenium/webdriver/remote/errorhandler.py\", line 232, in check_response\n    raise exception_class(message, screen, stacktrace)\n"}, "start": 1737137292154, "stop": 1737137293732}], "start": 1737137291460, "stop": 1737137293734}], "start": 1737137291460, "stop": 1737137293768}